<?xml version="1.0" encoding="UTF-8"?>
<!-- Generated by org.testng.reporters.JUnitReportReporter -->
<testsuite hostname="SURPRISE-DE414" name="CIB_DIGITAL_TECH.ListSubBreedsForRetrieverTest" tests="1" failures="0" timestamp="25 Nov 2018 19:46:27 GMT" time="1.188" errors="0">
  <testcase name="getSubBreedsOfRetrieverDog" time="1.188" classname="CIB_DIGITAL_TECH.ListSubBreedsForRetrieverTest"/>
</testsuite> <!-- CIB_DIGITAL_TECH.ListSubBreedsForRetrieverTest -->
