<?xml version="1.0" encoding="UTF-8"?>
<!-- Generated by org.testng.reporters.JUnitReportReporter -->
<testsuite hostname="SURPRISE-DE414" name="CIB_DIGITAL_TECH.CheckRetrieverBreedIsInListTest" tests="1" failures="0" timestamp="25 Nov 2018 19:46:27 GMT" time="4.496" errors="0">
  <testcase name="verifyThatRetrieverBreedDogExists" time="4.496" classname="CIB_DIGITAL_TECH.CheckRetrieverBreedIsInListTest"/>
</testsuite> <!-- CIB_DIGITAL_TECH.CheckRetrieverBreedIsInListTest -->
