<?xml version="1.0" encoding="UTF-8"?>
<!-- Generated by org.testng.reporters.JUnitReportReporter -->
<testsuite skipped="0" hostname="LAPTOP-4TNPC4AC" name="CIB_DIGITAL_TECH.UserListTableWebTest" tests="2" failures="0" timestamp="12 Feb 2021 11:14:07 GMT" time="19.383" errors="0">
  <testcase name="testUserListTable" time="1.694" classname="CIB_DIGITAL_TECH.UserListTableWebTest"/>
  <testcase name="testUserListTable" time="17.689" classname="CIB_DIGITAL_TECH.UserListTableWebTest"/>
</testsuite> <!-- CIB_DIGITAL_TECH.UserListTableWebTest -->
