<?xml version="1.0" encoding="UTF-8"?>
<!-- Generated by org.testng.reporters.JUnitReportReporter -->
<testsuite hostname="LAPTOP-4TNPC4AC" name="CIB_DIGITAL_TECH.ListAllBreedDogsTest" tests="1" failures="0" timestamp="12 Feb 2021 09:19:14 GMT" time="2.762" errors="0">
  <testcase name="listAllBreedDogs" time="2.762" classname="CIB_DIGITAL_TECH.ListAllBreedDogsTest"/>
</testsuite> <!-- CIB_DIGITAL_TECH.ListAllBreedDogsTest -->
