<?xml version="1.0" encoding="UTF-8"?>
<!-- Generated by org.testng.reporters.JUnitReportReporter -->
<testsuite hostname="SURPRISE-DE414" name="CIB_DIGITAL_TECH.CheckRetrieverBreedIsInListTest" tests="1" failures="0" timestamp="25 Nov 2018 20:42:28 GMT" time="1.265" errors="0">
  <testcase name="verifyThatRetrieverBreedDogExists" time="1.265" classname="CIB_DIGITAL_TECH.CheckRetrieverBreedIsInListTest"/>
</testsuite> <!-- CIB_DIGITAL_TECH.CheckRetrieverBreedIsInListTest -->
