<?xml version="1.0" encoding="UTF-8"?>
<!-- Generated by org.testng.reporters.JUnitReportReporter -->
<testsuite hostname="LAPTOP-4TNPC4AC" name="CIB_DIGITAL_TECH.CheckRetrieverBreedIsInListTest" tests="1" failures="0" timestamp="12 Feb 2021 09:19:14 GMT" time="1.596" errors="0">
  <testcase name="verifyThatRetrieverBreedDogExists" time="1.596" classname="CIB_DIGITAL_TECH.CheckRetrieverBreedIsInListTest"/>
</testsuite> <!-- CIB_DIGITAL_TECH.CheckRetrieverBreedIsInListTest -->
