<?xml version="1.0" encoding="UTF-8"?>
<!-- Generated by org.testng.reporters.JUnitReportReporter -->
<testsuite hostname="LAPTOP-4TNPC4AC" name="CIB_DIGITAL_TECH.ListSubBreedsForRetrieverTest" tests="1" failures="0" timestamp="12 Feb 2021 09:19:14 GMT" time="1.863" errors="0">
  <testcase name="getSubBreedsOfRetrieverDog" time="1.863" classname="CIB_DIGITAL_TECH.ListSubBreedsForRetrieverTest"/>
</testsuite> <!-- CIB_DIGITAL_TECH.ListSubBreedsForRetrieverTest -->
